#
# A fatal error has been detected by the Java Runtime Environment:
#
#  SIGBUS (0xa) at pc=0x0000000101b24e92, pid=31002, tid=0x0000000000001703
#
# JRE version: Java(TM) SE Runtime Environment (8.0_181-b13) (build 1.8.0_181-b13)
# Java VM: Java HotSpot(TM) 64-Bit Server VM (25.181-b13 mixed mode bsd-amd64 compressed oops)
# Problematic frame:
# C  [libzip.dylib+0x2e92]  newEntry+0x154
#
# Failed to write core dump. Core dumps have been disabled. To enable core dumping, try "ulimit -c unlimited" before starting Java again
#
# If you would like to submit a bug report, please visit:
#   http://bugreport.java.com/bugreport/crash.jsp
# The crash happened outside the Java Virtual Machine in native code.
# See problematic frame for where to report the bug.
#

---------------  T H R E A D  ---------------

Current thread (0x00007fb304802000):  JavaThread "main" [_thread_in_native, id=5891, stack(0x00007000061e4000,0x00007000062e4000)]

siginfo: si_signo: 10 (SIGBUS), si_code: 2 (BUS_ADRERR), si_addr: 0x0000000107b7ea7d

Registers:
RAX=0x00007fb3040267e0, RBX=0x0000000107b7ea71, RCX=0x0000000000000000, RDX=0x0000000000000100
RSP=0x00007000062e1420, RBP=0x00007000062e1480, RSI=0x0000000030260a68, RDI=0x00000000000000a7
R8 =0x0000000030260a64, R9 =0x00007fb302600000, R10=0x000000000000000f, R11=0x0000000000000003
R12=0x00007fb304888e00, R13=0x00000000000001c0, R14=0x00000000b37be531, R15=0x00007fb3025274a0
RIP=0x0000000101b24e92, EFLAGS=0x0000000000010206, ERR=0x0000000000000004
  TRAPNO=0x000000000000000e

Top of Stack: (sp=0x00007000062e1420)
0x00007000062e1420:   00007000062e1470 0000000002e4de34
0x00007000062e1430:   00007000062e1480 000000010a28d0ac
0x00007000062e1440:   00007000062e1460 00007fb3040267e0
0x00007000062e1450:   00007fb30260a630 00007fb3040267e0
0x00007000062e1460:   00007fb304888e00 00000000000001c0
0x00007000062e1470:   00000000b37be531 00007fb3025274a0
0x00007000062e1480:   00007000062e14e0 0000000101b2552d
0x00007000062e1490:   00007000062e1542 00007000062e1541
0x00007000062e14a0:   0000004200000000 0000004301802000
0x00007000062e14b0:   00007000062e14fe 00007000062e1948
0x00007000062e14c0:   0000000000000043 00007000062e14fe
0x00007000062e14d0:   00007fb3040267e0 00007fb3048021f8
0x00007000062e14e0:   00007000062e1930 0000000101b24238
0x00007000062e14f0:   000000010a23fad0 6f6e7fb300000001
0x00007000062e1500:   6169747369726b2f 327267702f61696e
0x00007000062e1510:   6e65696c632f3030 6e616d6d6f632f74
0x00007000062e1520:   746e65696c432f64 4964696c61766e49
0x00007000062e1530:   6d6d6f437475706e 73616c632e646e61
0x00007000062e1540:   0000000105810073 00000001058265f8
0x00007000062e1550:   000070000565f880 000000010565f880
0x00007000062e1560:   0000000105541168 00007fb3057d40f8
0x00007000062e1570:   0000000005758600 00000001057588c0
0x00007000062e1580:   0000000005758600 00007000062e1648
0x00007000062e1590:   0000700005758820 0000000102fce2c8
0x00007000062e15a0:   00007000062e17b0 000000010a251c50
0x00007000062e15b0:   00007fb30565d528 00000007057588e0
0x00007000062e15c0:   0000000000000000 0000000000000000
0x00007000062e15d0:   0000000105758680 00000001057d40d8
0x00007000062e15e0:   0000700005738910 00000001057d40b8
0x00007000062e15f0:   00000001057de9e8 0000000105541168
0x00007000062e1600:   00007000062e1650 00007fff628bea5f
0x00007000062e1610:   00007000062e1760 00007000057d4418 

Instructions: (pc=0x0000000101b24e92)
0x0000000101b24e72:   49 8b 7f 38 e8 5b 1b 00 00 4d 89 77 38 49 89 5f
0x0000000101b24e82:   40 4c 89 f0 48 85 c0 0f 84 11 05 00 00 48 89 c3
0x0000000101b24e92:   0f b6 43 0c 0f b6 4b 0d 48 c1 e1 08 48 01 c1 0f
0x0000000101b24ea2:   b6 43 0e 0f b6 53 0f 48 c1 e2 08 48 01 c2 48 c1 

Register to memory mapping:

RAX=0x00007fb3040267e0 is an unknown value
RBX=0x0000000107b7ea71 is an unknown value
RCX=0x0000000000000000 is an unknown value
RDX=0x0000000000000100 is an unknown value
RSP=0x00007000062e1420 is pointing into the stack for thread: 0x00007fb304802000
RBP=0x00007000062e1480 is pointing into the stack for thread: 0x00007fb304802000
RSI=0x0000000030260a68 is an unknown value
RDI=0x00000000000000a7 is an unknown value
R8 =0x0000000030260a64 is an unknown value
R9 =0x00007fb302600000 is an unknown value
R10=0x000000000000000f is an unknown value
R11=0x0000000000000003 is an unknown value
R12=0x00007fb304888e00 is an unknown value
R13=0x00000000000001c0 is an unknown value
R14=0x00000000b37be531 is an unknown value
R15=0x00007fb3025274a0 is an unknown value


Stack: [0x00007000061e4000,0x00007000062e4000],  sp=0x00007000062e1420,  free space=1013k
Native frames: (J=compiled Java code, j=interpreted, Vv=VM code, C=native code)
C  [libzip.dylib+0x2e92]  newEntry+0x154
C  [libzip.dylib+0x352d]  ZIP_GetEntry2+0xd4
C  [libzip.dylib+0x2238]  Java_java_util_zip_ZipFile_getEntry+0xcf
J 157  java.util.zip.ZipFile.getEntry(J[BZ)J (0 bytes) @ 0x000000010a2a014e [0x000000010a2a0080+0xce]
J 176 C1 java.util.zip.ZipFile.getEntry(Ljava/lang/String;)Ljava/util/zip/ZipEntry; (101 bytes) @ 0x000000010a2a90cc [0x000000010a2a8e60+0x26c]
J 67 C1 sun.misc.URLClassPath$JarLoader.getResource(Ljava/lang/String;Z)Lsun/misc/Resource; (85 bytes) @ 0x000000010a26bc84 [0x000000010a26ba20+0x264]
j  sun.misc.URLClassPath.getResource(Ljava/lang/String;Z)Lsun/misc/Resource;+62
j  java.net.URLClassLoader$1.run()Ljava/lang/Class;+26
j  java.net.URLClassLoader$1.run()Ljava/lang/Object;+1
v  ~StubRoutines::call_stub
V  [libjvm.dylib+0x2efcba]
V  [libjvm.dylib+0x3505b0]
J 140  java.security.AccessController.doPrivileged(Ljava/security/PrivilegedExceptionAction;Ljava/security/AccessControlContext;)Ljava/lang/Object; (0 bytes) @ 0x000000010a297e15 [0x000000010a297d40+0xd5]
J 166 C1 java.net.URLClassLoader.findClass(Ljava/lang/String;)Ljava/lang/Class; (47 bytes) @ 0x000000010a2a66d4 [0x000000010a2a6540+0x194]
J 126 C1 java.lang.ClassLoader.loadClass(Ljava/lang/String;Z)Ljava/lang/Class; (122 bytes) @ 0x000000010a28d304 [0x000000010a28c9a0+0x964]
J 184 C1 sun.misc.Launcher$AppClassLoader.loadClass(Ljava/lang/String;Z)Ljava/lang/Class; (85 bytes) @ 0x000000010a2b13a4 [0x000000010a2b0a00+0x9a4]
J 181 C1 java.lang.ClassLoader.loadClass(Ljava/lang/String;)Ljava/lang/Class; (7 bytes) @ 0x000000010a2af604 [0x000000010a2af500+0x104]
v  ~StubRoutines::call_stub
V  [libjvm.dylib+0x2efcba]
V  [libjvm.dylib+0x2f045e]
V  [libjvm.dylib+0x2f05b6]
V  [libjvm.dylib+0x540836]
V  [libjvm.dylib+0x53fffe]
V  [libjvm.dylib+0x540a52]
V  [libjvm.dylib+0x541105]
V  [libjvm.dylib+0x1e4296]
V  [libjvm.dylib+0x454606]
V  [libjvm.dylib+0x2eb6ad]
j  no.kristiania.pgr200.client.Program.main([Ljava/lang/String;)V+60
j  no.kristiania.pgr200.client.Shell.runShell([Ljava/lang/String;)Z+88
j  no.kristiania.pgr200.client.Program.main([Ljava/lang/String;)V+8
v  ~StubRoutines::call_stub
V  [libjvm.dylib+0x2efcba]
V  [libjvm.dylib+0x326c61]
V  [libjvm.dylib+0x31f9ed]
C  [java+0x38c6]  JavaMain+0x9c4
C  [libsystem_pthread.dylib+0x333d]  _pthread_body+0x7e
C  [libsystem_pthread.dylib+0x62a7]  _pthread_start+0x46
C  [libsystem_pthread.dylib+0x2425]  thread_start+0xd
C  0x0000000000000000

Java frames: (J=compiled Java code, j=interpreted, Vv=VM code)
J 157  java.util.zip.ZipFile.getEntry(J[BZ)J (0 bytes) @ 0x000000010a2a00d8 [0x000000010a2a0080+0x58]
J 176 C1 java.util.zip.ZipFile.getEntry(Ljava/lang/String;)Ljava/util/zip/ZipEntry; (101 bytes) @ 0x000000010a2a90cc [0x000000010a2a8e60+0x26c]
J 67 C1 sun.misc.URLClassPath$JarLoader.getResource(Ljava/lang/String;Z)Lsun/misc/Resource; (85 bytes) @ 0x000000010a26bc84 [0x000000010a26ba20+0x264]
j  sun.misc.URLClassPath.getResource(Ljava/lang/String;Z)Lsun/misc/Resource;+62
j  java.net.URLClassLoader$1.run()Ljava/lang/Class;+26
j  java.net.URLClassLoader$1.run()Ljava/lang/Object;+1
v  ~StubRoutines::call_stub
J 140  java.security.AccessController.doPrivileged(Ljava/security/PrivilegedExceptionAction;Ljava/security/AccessControlContext;)Ljava/lang/Object; (0 bytes) @ 0x000000010a297da3 [0x000000010a297d40+0x63]
J 166 C1 java.net.URLClassLoader.findClass(Ljava/lang/String;)Ljava/lang/Class; (47 bytes) @ 0x000000010a2a66d4 [0x000000010a2a6540+0x194]
J 126 C1 java.lang.ClassLoader.loadClass(Ljava/lang/String;Z)Ljava/lang/Class; (122 bytes) @ 0x000000010a28d304 [0x000000010a28c9a0+0x964]
J 184 C1 sun.misc.Launcher$AppClassLoader.loadClass(Ljava/lang/String;Z)Ljava/lang/Class; (85 bytes) @ 0x000000010a2b13a4 [0x000000010a2b0a00+0x9a4]
J 181 C1 java.lang.ClassLoader.loadClass(Ljava/lang/String;)Ljava/lang/Class; (7 bytes) @ 0x000000010a2af604 [0x000000010a2af500+0x104]
v  ~StubRoutines::call_stub
j  no.kristiania.pgr200.client.Program.main([Ljava/lang/String;)V+60
j  no.kristiania.pgr200.client.Shell.runShell([Ljava/lang/String;)Z+88
j  no.kristiania.pgr200.client.Program.main([Ljava/lang/String;)V+8
v  ~StubRoutines::call_stub

---------------  P R O C E S S  ---------------

Java Threads: ( => current thread )
  0x00007fb30487b000 JavaThread "Service Thread" daemon [_thread_blocked, id=16131, stack(0x0000700007317000,0x0000700007417000)]
  0x00007fb302827800 JavaThread "C1 CompilerThread3" daemon [_thread_blocked, id=16387, stack(0x0000700007214000,0x0000700007314000)]
  0x00007fb304870800 JavaThread "C2 CompilerThread2" daemon [_thread_blocked, id=16643, stack(0x0000700007111000,0x0000700007211000)]
  0x00007fb303011000 JavaThread "C2 CompilerThread1" daemon [_thread_blocked, id=17155, stack(0x000070000700e000,0x000070000710e000)]
  0x00007fb303807000 JavaThread "C2 CompilerThread0" daemon [_thread_blocked, id=14339, stack(0x0000700006f0b000,0x000070000700b000)]
  0x00007fb303803000 JavaThread "Signal Dispatcher" daemon [_thread_blocked, id=17411, stack(0x0000700006e08000,0x0000700006f08000)]
  0x00007fb304835800 JavaThread "Finalizer" daemon [_thread_blocked, id=18947, stack(0x0000700006d05000,0x0000700006e05000)]
  0x00007fb304834800 JavaThread "Reference Handler" daemon [_thread_blocked, id=12291, stack(0x0000700006c02000,0x0000700006d02000)]
=>0x00007fb304802000 JavaThread "main" [_thread_in_native, id=5891, stack(0x00007000061e4000,0x00007000062e4000)]

Other Threads:
  0x00007fb302826800 VMThread [stack: 0x0000700006aff000,0x0000700006bff000] [id=11779]
  0x00007fb304886800 WatcherThread [stack: 0x000070000741a000,0x000070000751a000] [id=15619]

VM state:not at safepoint (normal execution)

VM Mutex/Monitor currently owned by a thread: None

Heap:
 PSYoungGen      total 76288K, used 5243K [0x000000076ab00000, 0x0000000770000000, 0x00000007c0000000)
  eden space 65536K, 8% used [0x000000076ab00000,0x000000076b01ed20,0x000000076eb00000)
  from space 10752K, 0% used [0x000000076f580000,0x000000076f580000,0x0000000770000000)
  to   space 10752K, 0% used [0x000000076eb00000,0x000000076eb00000,0x000000076f580000)
 ParOldGen       total 175104K, used 0K [0x00000006c0000000, 0x00000006cab00000, 0x000000076ab00000)
  object space 175104K, 0% used [0x00000006c0000000,0x00000006c0000000,0x00000006cab00000)
 Metaspace       used 4906K, capacity 5216K, committed 5504K, reserved 1056768K
  class space    used 576K, capacity 592K, committed 640K, reserved 1048576K

Card table byte_map: [0x0000000103f74000,0x0000000104775000] byte_map_base: 0x0000000100974000

Marking Bits: (ParMarkBitMap*) 0x00000001034f9cd0
 Begin Bits: [0x0000000119144000, 0x000000011d144000)
 End Bits:   [0x000000011d144000, 0x0000000121144000)

Polling page: 0x0000000101ad8000

CodeCache: size=245760Kb used=1466Kb max_used=1466Kb free=244293Kb
 bounds [0x000000010a144000, 0x000000010a3b4000, 0x0000000119144000]
 total_blobs=446 nmethods=187 adapters=173
 compilation: enabled

Compilation events (10 events):
Event: 5.247 Thread 0x00007fb302827800  183       3       java.util.BitSet::get (69 bytes)
Event: 5.248 Thread 0x00007fb302827800 nmethod 183 0x000000010a2af790 code [0x000000010a2af9a0, 0x000000010a2b0328]
Event: 5.249 Thread 0x00007fb302827800  184       3       sun.misc.Launcher$AppClassLoader::loadClass (85 bytes)
Event: 5.249 Thread 0x00007fb302827800 nmethod 184 0x000000010a2b07d0 code [0x000000010a2b0a00, 0x000000010a2b1728]
Event: 5.249 Thread 0x00007fb302827800  185  s    3       sun.misc.URLClassPath::knownToNotExist (24 bytes)
Event: 5.249 Thread 0x00007fb302827800 nmethod 185 0x000000010a2b1bd0 code [0x000000010a2b1d40, 0x000000010a2b2108]
Event: 5.249 Thread 0x00007fb302827800  186       1       java.util.ArrayList::access$000 (5 bytes)
Event: 5.249 Thread 0x00007fb302827800 nmethod 186 0x000000010a2b21d0 code [0x000000010a2b2320, 0x000000010a2b2410]
Event: 5.251 Thread 0x00007fb302827800  187       1       java.lang.reflect.Method::getName (5 bytes)
Event: 5.252 Thread 0x00007fb302827800 nmethod 187 0x000000010a2b2890 code [0x000000010a2b29e0, 0x000000010a2b2af0]

GC Heap History (0 events):
No events

Deoptimization events (0 events):
No events

Classes redefined (0 events):
No events

Internal exceptions (7 events):
Event: 0.031 Thread 0x00007fb304802000 Exception <a 'java/lang/NoSuchMethodError': Method sun.misc.Unsafe.defineClass(Ljava/lang/String;[BII)Ljava/lang/Class; name or signature does not match> (0x000000076ab07cb0) thrown at [/Users/java_re/workspace/8-2-build-macosx-x86_64/jdk8u181/11358/hotsp
Event: 0.031 Thread 0x00007fb304802000 Exception <a 'java/lang/NoSuchMethodError': Method sun.misc.Unsafe.prefetchRead(Ljava/lang/Object;J)V name or signature does not match> (0x000000076ab07f98) thrown at [/Users/java_re/workspace/8-2-build-macosx-x86_64/jdk8u181/11358/hotspot/src/share/vm/pr
Event: 0.093 Thread 0x00007fb304802000 Exception <a 'java/security/PrivilegedActionException'> (0x000000076abbf3b8) thrown at [/Users/java_re/workspace/8-2-build-macosx-x86_64/jdk8u181/11358/hotspot/src/share/vm/prims/jvm.cpp, line 1435]
Event: 0.093 Thread 0x00007fb304802000 Exception <a 'java/security/PrivilegedActionException'> (0x000000076abbf5c8) thrown at [/Users/java_re/workspace/8-2-build-macosx-x86_64/jdk8u181/11358/hotspot/src/share/vm/prims/jvm.cpp, line 1435]
Event: 0.093 Thread 0x00007fb304802000 Exception <a 'java/security/PrivilegedActionException'> (0x000000076abc2ae0) thrown at [/Users/java_re/workspace/8-2-build-macosx-x86_64/jdk8u181/11358/hotspot/src/share/vm/prims/jvm.cpp, line 1435]
Event: 0.093 Thread 0x00007fb304802000 Exception <a 'java/security/PrivilegedActionException'> (0x000000076abc2cf0) thrown at [/Users/java_re/workspace/8-2-build-macosx-x86_64/jdk8u181/11358/hotspot/src/share/vm/prims/jvm.cpp, line 1435]
Event: 5.254 Thread 0x00007fb304802000 Exception <a 'java/lang/ArrayIndexOutOfBoundsException': 18> (0x000000076afec690) thrown at [/Users/java_re/workspace/8-2-build-macosx-x86_64/jdk8u181/11358/hotspot/src/share/vm/interpreter/interpreterRuntime.cpp, line 366]

Events (10 events):
Event: 5.254 loading class sun/reflect/generics/tree/Signature done
Event: 5.254 loading class sun/reflect/generics/tree/ClassSignature done
Event: 5.254 loading class sun/reflect/NativeMethodAccessorImpl
Event: 5.254 loading class sun/reflect/NativeMethodAccessorImpl done
Event: 5.254 loading class sun/reflect/DelegatingMethodAccessorImpl
Event: 5.254 loading class sun/reflect/DelegatingMethodAccessorImpl done
Event: 5.254 loading class sun/reflect/UnsafeObjectFieldAccessorImpl
Event: 5.255 loading class sun/reflect/UnsafeObjectFieldAccessorImpl done
Event: 261.413 loading class no/kristiania/pgr200/client/command/ClientInvalidInputCommand
Event: 261.413 loading class no/kristiania/pgr200/client/command/ClientInvalidInputCommand done


Dynamic libraries:
0x00007fff34f43000 	/System/Library/Frameworks/Cocoa.framework/Versions/A/Cocoa
0x00007fff411c3000 	/System/Library/Frameworks/Security.framework/Versions/A/Security
0x00007fff33b4d000 	/System/Library/Frameworks/ApplicationServices.framework/Versions/A/ApplicationServices
0x00007fff62634000 	/usr/lib/libz.1.dylib
0x00007fff5fcaa000 	/usr/lib/libSystem.B.dylib
0x00007fff61751000 	/usr/lib/libobjc.A.dylib
0x00007fff35765000 	/System/Library/Frameworks/CoreFoundation.framework/Versions/A/CoreFoundation
0x00007fff37ae4000 	/System/Library/Frameworks/Foundation.framework/Versions/C/Foundation
0x00007fff32cdc000 	/System/Library/Frameworks/AppKit.framework/Versions/C/AppKit
0x00007fff352da000 	/System/Library/Frameworks/CoreData.framework/Versions/A/CoreData
0x00007fff58e9c000 	/System/Library/PrivateFrameworks/RemoteViewServices.framework/Versions/A/RemoteViewServices
0x00007fff5d985000 	/System/Library/PrivateFrameworks/UIFoundation.framework/Versions/A/UIFoundation
0x00007fff5f131000 	/System/Library/PrivateFrameworks/XCTTargetBootstrap.framework/Versions/A/XCTTargetBootstrap
0x00007fff539fb000 	/System/Library/PrivateFrameworks/IconServices.framework/Versions/A/IconServices
0x00007fff3a389000 	/System/Library/Frameworks/Metal.framework/Versions/A/Metal
0x00007fff4ac8d000 	/System/Library/PrivateFrameworks/DesktopServicesPriv.framework/Versions/A/DesktopServicesPriv
0x00007fff60a65000 	/usr/lib/libenergytrace.dylib
0x00007fff5b6fe000 	/System/Library/PrivateFrameworks/SkyLight.framework/Versions/A/SkyLight
0x00007fff35bb6000 	/System/Library/Frameworks/CoreGraphics.framework/Versions/A/CoreGraphics
0x00007fff31a97000 	/System/Library/Frameworks/Accelerate.framework/Versions/A/Accelerate
0x00007fff3826a000 	/System/Library/Frameworks/IOSurface.framework/Versions/A/IOSurface
0x00007fff4aaef000 	/System/Library/PrivateFrameworks/DFRFoundation.framework/Versions/A/DFRFoundation
0x00007fff34052000 	/System/Library/Frameworks/AudioToolbox.framework/Versions/A/AudioToolbox
0x00007fff342f0000 	/System/Library/Frameworks/AudioUnit.framework/Versions/A/AudioUnit
0x00007fff4ab86000 	/System/Library/PrivateFrameworks/DataDetectorsCore.framework/Versions/A/DataDetectorsCore
0x00007fff34a2f000 	/System/Library/Frameworks/Carbon.framework/Versions/A/Frameworks/HIToolbox.framework/Versions/A/HIToolbox
0x00007fff60bc0000 	/usr/lib/libicucore.A.dylib
0x00007fff4071f000 	/System/Library/Frameworks/QuartzCore.framework/Versions/A/QuartzCore
0x00007fff34e16000 	/System/Library/Frameworks/Carbon.framework/Versions/A/Frameworks/SpeechRecognition.framework/Versions/A/SpeechRecognition
0x00007fff5fe0d000 	/usr/lib/libauto.dylib
0x00007fff62527000 	/usr/lib/libxml2.2.dylib
0x00007fff4a6f4000 	/System/Library/PrivateFrameworks/CoreUI.framework/Versions/A/CoreUI
0x00007fff351b8000 	/System/Library/Frameworks/CoreAudio.framework/Versions/A/CoreAudio
0x00007fff37916000 	/System/Library/Frameworks/DiskArbitration.framework/Versions/A/DiskArbitration
0x00007fff60e70000 	/usr/lib/liblangid.dylib
0x00007fff54ea5000 	/System/Library/PrivateFrameworks/MultitouchSupport.framework/Versions/A/MultitouchSupport
0x00007fff381d7000 	/System/Library/Frameworks/IOKit.framework/Versions/A/IOKit
0x00007fff5f8f8000 	/usr/lib/libDiagnosticMessagesClient.dylib
0x00007fff36a21000 	/System/Library/Frameworks/CoreServices.framework/Versions/A/CoreServices
0x00007fff56bcf000 	/System/Library/PrivateFrameworks/PerformanceAnalysis.framework/Versions/A/PerformanceAnalysis
0x00007fff3f8b4000 	/System/Library/Frameworks/OpenGL.framework/Versions/A/OpenGL
0x00007fff34f51000 	/System/Library/Frameworks/ColorSync.framework/Versions/A/ColorSync
0x00007fff36245000 	/System/Library/Frameworks/CoreImage.framework/Versions/A/CoreImage
0x00007fff3745f000 	/System/Library/Frameworks/CoreText.framework/Versions/A/CoreText
0x00007fff382cb000 	/System/Library/Frameworks/ImageIO.framework/Versions/A/ImageIO
0x00007fff46d6a000 	/System/Library/PrivateFrameworks/Backup.framework/Versions/A/Backup
0x00007fff5fd60000 	/usr/lib/libarchive.2.dylib
0x00007fff34654000 	/System/Library/Frameworks/CFNetwork.framework/Versions/A/CFNetwork
0x00007fff4196c000 	/System/Library/Frameworks/SystemConfiguration.framework/Versions/A/SystemConfiguration
0x00007fff5f821000 	/usr/lib/libCRFSuite.dylib
0x00007fff5ff05000 	/usr/lib/libc++.1.dylib
0x00007fff5ff5d000 	/usr/lib/libc++abi.dylib
0x00007fff626b7000 	/usr/lib/system/libcache.dylib
0x00007fff626bc000 	/usr/lib/system/libcommonCrypto.dylib
0x00007fff626c7000 	/usr/lib/system/libcompiler_rt.dylib
0x00007fff626cf000 	/usr/lib/system/libcopyfile.dylib
0x00007fff626d9000 	/usr/lib/system/libcorecrypto.dylib
0x00007fff627e3000 	/usr/lib/system/libdispatch.dylib
0x00007fff6281e000 	/usr/lib/system/libdyld.dylib
0x00007fff6284e000 	/usr/lib/system/libkeymgr.dylib
0x00007fff6285c000 	/usr/lib/system/liblaunch.dylib
0x00007fff6285d000 	/usr/lib/system/libmacho.dylib
0x00007fff62863000 	/usr/lib/system/libquarantine.dylib
0x00007fff62866000 	/usr/lib/system/libremovefile.dylib
0x00007fff62868000 	/usr/lib/system/libsystem_asl.dylib
0x00007fff62880000 	/usr/lib/system/libsystem_blocks.dylib
0x00007fff62881000 	/usr/lib/system/libsystem_c.dylib
0x00007fff6290a000 	/usr/lib/system/libsystem_configuration.dylib
0x00007fff6290e000 	/usr/lib/system/libsystem_coreservices.dylib
0x00007fff62912000 	/usr/lib/system/libsystem_darwin.dylib
0x00007fff62919000 	/usr/lib/system/libsystem_dnssd.dylib
0x00007fff62920000 	/usr/lib/system/libsystem_info.dylib
0x00007fff62995000 	/usr/lib/system/libsystem_m.dylib
0x00007fff629e1000 	/usr/lib/system/libsystem_malloc.dylib
0x00007fff62a06000 	/usr/lib/system/libsystem_networkextension.dylib
0x00007fff62a12000 	/usr/lib/system/libsystem_notify.dylib
0x00007fff62a2f000 	/usr/lib/system/libsystem_sandbox.dylib
0x00007fff62a33000 	/usr/lib/system/libsystem_secinit.dylib
0x00007fff6296d000 	/usr/lib/system/libsystem_kernel.dylib
0x00007fff62a1a000 	/usr/lib/system/libsystem_platform.dylib
0x00007fff62a24000 	/usr/lib/system/libsystem_pthread.dylib
0x00007fff62a36000 	/usr/lib/system/libsystem_symptoms.dylib
0x00007fff62a3e000 	/usr/lib/system/libsystem_trace.dylib
0x00007fff62a55000 	/usr/lib/system/libunwind.dylib
0x00007fff62a5b000 	/usr/lib/system/libxpc.dylib
0x00007fff5fee5000 	/usr/lib/libbsm.0.dylib
0x00007fff6284f000 	/usr/lib/system/libkxld.dylib
0x00007fff46026000 	/System/Library/PrivateFrameworks/AppleFSCompression.framework/Versions/A/AppleFSCompression
0x00007fff5fb69000 	/usr/lib/libOpenScriptingUtil.dylib
0x00007fff60248000 	/usr/lib/libcoretls.dylib
0x00007fff6025f000 	/usr/lib/libcoretls_cfhelpers.dylib
0x00007fff61eea000 	/usr/lib/libpam.2.dylib
0x00007fff620ad000 	/usr/lib/libsqlite3.dylib
0x00007fff62515000 	/usr/lib/libxar.1.dylib
0x00007fff5fef6000 	/usr/lib/libbz2.1.0.dylib
0x00007fff60e72000 	/usr/lib/liblzma.5.dylib
0x00007fff61368000 	/usr/lib/libnetwork.dylib
0x00007fff5fd49000 	/usr/lib/libapple_nghttp2.dylib
0x00007fff61ef1000 	/usr/lib/libpcap.A.dylib
0x00007fff36dc5000 	/System/Library/Frameworks/CoreServices.framework/Versions/A/Frameworks/FSEvents.framework/Versions/A/FSEvents
0x00007fff36aa1000 	/System/Library/Frameworks/CoreServices.framework/Versions/A/Frameworks/CarbonCore.framework/Versions/A/CarbonCore
0x00007fff36f9a000 	/System/Library/Frameworks/CoreServices.framework/Versions/A/Frameworks/Metadata.framework/Versions/A/Metadata
0x00007fff3703d000 	/System/Library/Frameworks/CoreServices.framework/Versions/A/Frameworks/OSServices.framework/Versions/A/OSServices
0x00007fff37089000 	/System/Library/Frameworks/CoreServices.framework/Versions/A/Frameworks/SearchKit.framework/Versions/A/SearchKit
0x00007fff36a22000 	/System/Library/Frameworks/CoreServices.framework/Versions/A/Frameworks/AE.framework/Versions/A/AE
0x00007fff36dce000 	/System/Library/Frameworks/CoreServices.framework/Versions/A/Frameworks/LaunchServices.framework/Versions/A/LaunchServices
0x00007fff36d7a000 	/System/Library/Frameworks/CoreServices.framework/Versions/A/Frameworks/DictionaryServices.framework/Versions/A/DictionaryServices
0x00007fff370f8000 	/System/Library/Frameworks/CoreServices.framework/Versions/A/Frameworks/SharedFileList.framework/Versions/A/SharedFileList
0x00007fff3b844000 	/System/Library/Frameworks/NetFS.framework/Versions/A/NetFS
0x00007fff55141000 	/System/Library/PrivateFrameworks/NetAuth.framework/Versions/A/NetAuth
0x00007fff5f565000 	/System/Library/PrivateFrameworks/login.framework/Versions/A/Frameworks/loginsupport.framework/Versions/A/loginsupport
0x00007fff5d581000 	/System/Library/PrivateFrameworks/TCC.framework/Versions/A/TCC
0x00007fff49d1c000 	/System/Library/PrivateFrameworks/CoreNLP.framework/Versions/A/CoreNLP
0x00007fff54b97000 	/System/Library/PrivateFrameworks/MetadataUtilities.framework/Versions/A/MetadataUtilities
0x00007fff60f53000 	/usr/lib/libmecabra.dylib
0x00007fff33b4e000 	/System/Library/Frameworks/ApplicationServices.framework/Versions/A/Frameworks/ATS.framework/Versions/A/ATS
0x00007fff33eb9000 	/System/Library/Frameworks/ApplicationServices.framework/Versions/A/Frameworks/ColorSyncLegacy.framework/Versions/A/ColorSyncLegacy
0x00007fff33f5a000 	/System/Library/Frameworks/ApplicationServices.framework/Versions/A/Frameworks/HIServices.framework/Versions/A/HIServices
0x00007fff33fad000 	/System/Library/Frameworks/ApplicationServices.framework/Versions/A/Frameworks/LangAnalysis.framework/Versions/A/LangAnalysis
0x00007fff33fbc000 	/System/Library/Frameworks/ApplicationServices.framework/Versions/A/Frameworks/PrintCore.framework/Versions/A/PrintCore
0x00007fff34009000 	/System/Library/Frameworks/ApplicationServices.framework/Versions/A/Frameworks/QD.framework/Versions/A/QD
0x00007fff34045000 	/System/Library/Frameworks/ApplicationServices.framework/Versions/A/Frameworks/SpeechSynthesis.framework/Versions/A/SpeechSynthesis
0x00007fff5ff85000 	/usr/lib/libcompression.dylib
0x00007fff3567b000 	/System/Library/Frameworks/CoreDisplay.framework/Versions/A/CoreDisplay
0x00007fff3a645000 	/System/Library/Frameworks/MetalPerformanceShaders.framework/Versions/A/MetalPerformanceShaders
0x00007fff31aaf000 	/System/Library/Frameworks/Accelerate.framework/Versions/A/Frameworks/vImage.framework/Versions/A/vImage
0x00007fff32b2b000 	/System/Library/Frameworks/Accelerate.framework/Versions/A/Frameworks/vecLib.framework/Versions/A/vecLib
0x00007fff32a75000 	/System/Library/Frameworks/Accelerate.framework/Versions/A/Frameworks/vecLib.framework/Versions/A/libvMisc.dylib
0x00007fff32890000 	/System/Library/Frameworks/Accelerate.framework/Versions/A/Frameworks/vecLib.framework/Versions/A/libvDSP.dylib
0x00007fff32150000 	/System/Library/Frameworks/Accelerate.framework/Versions/A/Frameworks/vecLib.framework/Versions/A/libBLAS.dylib
0x00007fff3243b000 	/System/Library/Frameworks/Accelerate.framework/Versions/A/Frameworks/vecLib.framework/Versions/A/libLAPACK.dylib
0x00007fff327e2000 	/System/Library/Frameworks/Accelerate.framework/Versions/A/Frameworks/vecLib.framework/Versions/A/libLinearAlgebra.dylib
0x00007fff3287c000 	/System/Library/Frameworks/Accelerate.framework/Versions/A/Frameworks/vecLib.framework/Versions/A/libSparseBLAS.dylib
0x00007fff327f8000 	/System/Library/Frameworks/Accelerate.framework/Versions/A/Frameworks/vecLib.framework/Versions/A/libQuadrature.dylib
0x00007fff323c8000 	/System/Library/Frameworks/Accelerate.framework/Versions/A/Frameworks/vecLib.framework/Versions/A/libBNNS.dylib
0x00007fff327fe000 	/System/Library/Frameworks/Accelerate.framework/Versions/A/Frameworks/vecLib.framework/Versions/A/libSparse.dylib
0x00007fff5121a000 	/System/Library/PrivateFrameworks/GPUWrangler.framework/Versions/A/GPUWrangler
0x00007fff535c4000 	/System/Library/PrivateFrameworks/IOAccelerator.framework/Versions/A/IOAccelerator
0x00007fff535cf000 	/System/Library/PrivateFrameworks/IOPresentment.framework/Versions/A/IOPresentment
0x00007fff4aaff000 	/System/Library/PrivateFrameworks/DSExternalDisplay.framework/Versions/A/DSExternalDisplay
0x00007fff3ecf9000 	/System/Library/Frameworks/OpenGL.framework/Versions/A/Libraries/libCoreFSCache.dylib
0x00007fff3a439000 	/System/Library/Frameworks/MetalPerformanceShaders.framework/Frameworks/MPSCore.framework/Versions/A/MPSCore
0x00007fff3a45a000 	/System/Library/Frameworks/MetalPerformanceShaders.framework/Frameworks/MPSImage.framework/Versions/A/MPSImage
0x00007fff3a501000 	/System/Library/Frameworks/MetalPerformanceShaders.framework/Frameworks/MPSNeuralNetwork.framework/Versions/A/MPSNeuralNetwork
0x00007fff3a4d8000 	/System/Library/Frameworks/MetalPerformanceShaders.framework/Frameworks/MPSMatrix.framework/Versions/A/MPSMatrix
0x00007fff3a629000 	/System/Library/Frameworks/MetalPerformanceShaders.framework/Frameworks/MPSRayIntersector.framework/Versions/A/MPSRayIntersector
0x00007fff54bc0000 	/System/Library/PrivateFrameworks/MetalTools.framework/Versions/A/MetalTools
0x00007fff45722000 	/System/Library/PrivateFrameworks/AggregateDictionary.framework/Versions/A/AggregateDictionary
0x00007fff5fb49000 	/usr/lib/libMobileGestalt.dylib
0x00007fff375c5000 	/System/Library/Frameworks/CoreVideo.framework/Versions/A/CoreVideo
0x00007fff5207e000 	/System/Library/PrivateFrameworks/GraphVisualizer.framework/Versions/A/GraphVisualizer
0x00007fff4be2a000 	/System/Library/PrivateFrameworks/FaceCore.framework/Versions/A/FaceCore
0x00007fff3e310000 	/System/Library/Frameworks/OpenCL.framework/Versions/A/OpenCL
0x00007fff5f930000 	/usr/lib/libFosl_dynamic.dylib
0x00007fff55a16000 	/System/Library/PrivateFrameworks/OTSVG.framework/Versions/A/OTSVG
0x00007fff33c52000 	/System/Library/Frameworks/ApplicationServices.framework/Versions/A/Frameworks/ATS.framework/Versions/A/Resources/libFontParser.dylib
0x00007fff33d72000 	/System/Library/Frameworks/ApplicationServices.framework/Versions/A/Frameworks/ATS.framework/Versions/A/Resources/libFontRegistry.dylib
0x00007fff3854b000 	/System/Library/Frameworks/ImageIO.framework/Versions/A/Resources/libJPEG.dylib
0x00007fff3886d000 	/System/Library/Frameworks/ImageIO.framework/Versions/A/Resources/libTIFF.dylib
0x00007fff38843000 	/System/Library/Frameworks/ImageIO.framework/Versions/A/Resources/libPng.dylib
0x00007fff38460000 	/System/Library/Frameworks/ImageIO.framework/Versions/A/Resources/libGIF.dylib
0x00007fff38465000 	/System/Library/Frameworks/ImageIO.framework/Versions/A/Resources/libJP2.dylib
0x00007fff3886a000 	/System/Library/Frameworks/ImageIO.framework/Versions/A/Resources/libRadiance.dylib
0x00007fff4617f000 	/System/Library/PrivateFrameworks/AppleJPEG.framework/Versions/A/AppleJPEG
0x00007fff3ed04000 	/System/Library/Frameworks/OpenGL.framework/Versions/A/Libraries/libGFXShared.dylib
0x00007fff3eec7000 	/System/Library/Frameworks/OpenGL.framework/Versions/A/Libraries/libGLU.dylib
0x00007fff3ed0d000 	/System/Library/Frameworks/OpenGL.framework/Versions/A/Libraries/libGL.dylib
0x00007fff3ed19000 	/System/Library/Frameworks/OpenGL.framework/Versions/A/Libraries/libGLImage.dylib
0x00007fff3ecf6000 	/System/Library/Frameworks/OpenGL.framework/Versions/A/Libraries/libCVMSPluginSupport.dylib
0x00007fff3ecff000 	/System/Library/Frameworks/OpenGL.framework/Versions/A/Libraries/libCoreVMClient.dylib
0x00007fff608d7000 	/usr/lib/libcups.2.dylib
0x00007fff39951000 	/System/Library/Frameworks/Kerberos.framework/Versions/A/Kerberos
0x00007fff37f23000 	/System/Library/Frameworks/GSS.framework/Versions/A/GSS
0x00007fff62041000 	/usr/lib/libresolv.9.dylib
0x00007fff60ace000 	/usr/lib/libiconv.2.dylib
0x00007fff52174000 	/System/Library/PrivateFrameworks/Heimdal.framework/Versions/A/Heimdal
0x00007fff60a9d000 	/usr/lib/libheimdal-asn1.dylib
0x00007fff3e387000 	/System/Library/Frameworks/OpenDirectory.framework/Versions/A/OpenDirectory
0x00007fff48a2d000 	/System/Library/PrivateFrameworks/CommonAuth.framework/Versions/A/CommonAuth
0x00007fff3e36a000 	/System/Library/Frameworks/OpenDirectory.framework/Versions/A/Frameworks/CFOpenDirectory.framework/Versions/A/CFOpenDirectory
0x00007fff414ea000 	/System/Library/Frameworks/SecurityFoundation.framework/Versions/A/SecurityFoundation
0x00007fff44c41000 	/System/Library/PrivateFrameworks/APFS.framework/Versions/A/APFS
0x00007fff62511000 	/usr/lib/libutil.dylib
0x00007fff5ff73000 	/usr/lib/libcharset.1.dylib
0x00007fff46418000 	/System/Library/PrivateFrameworks/AppleSauce.framework/Versions/A/AppleSauce
0x00007fff465a6000 	/System/Library/PrivateFrameworks/AssertionServices.framework/Versions/A/AssertionServices
0x00007fff46e0d000 	/System/Library/PrivateFrameworks/BaseBoard.framework/Versions/A/BaseBoard
0x00007fff60ea2000 	/usr/lib/libmecab.1.0.0.dylib
0x00007fff60a97000 	/usr/lib/libgermantok.dylib
0x00007fff5fd35000 	/usr/lib/libThaiTokenizer.dylib
0x00007fff5f85c000 	/usr/lib/libChineseTokenizer.dylib
0x00007fff53cf7000 	/System/Library/PrivateFrameworks/LanguageModeling.framework/Versions/A/LanguageModeling
0x00007fff49733000 	/System/Library/PrivateFrameworks/CoreEmoji.framework/Versions/A/CoreEmoji
0x00007fff53def000 	/System/Library/PrivateFrameworks/Lexicon.framework/Versions/A/Lexicon
0x00007fff53e37000 	/System/Library/PrivateFrameworks/LinguisticData.framework/Versions/A/LinguisticData
0x00007fff5ff74000 	/usr/lib/libcmph.dylib
0x00007fff415ab000 	/System/Library/Frameworks/ServiceManagement.framework/Versions/A/ServiceManagement
0x00007fff46d60000 	/System/Library/PrivateFrameworks/BackgroundTaskManagement.framework/Versions/A/BackgroundTaskManagement
0x00007fff6260b000 	/usr/lib/libxslt.1.dylib
0x00007fff34d41000 	/System/Library/Frameworks/Carbon.framework/Versions/A/Frameworks/Ink.framework/Versions/A/Ink
0x00007fff5d7fd000 	/System/Library/PrivateFrameworks/TextureIO.framework/Versions/A/TextureIO
0x00007fff5fd8a000 	/usr/lib/libate.dylib
0x00007fff4aa5b000 	/System/Library/PrivateFrameworks/CrashReporterSupport.framework/Versions/A/CrashReporterSupport
0x00007fff5a82d000 	/System/Library/PrivateFrameworks/Sharing.framework/Versions/A/Sharing
0x00007fff468ec000 	/System/Library/PrivateFrameworks/AuthKit.framework/Versions/A/AuthKit
0x00007fff45d1e000 	/System/Library/PrivateFrameworks/Apple80211.framework/Versions/A/Apple80211
0x00007fff4a821000 	/System/Library/PrivateFrameworks/CoreUtils.framework/Versions/A/CoreUtils
0x00007fff37603000 	/System/Library/Frameworks/CoreWLAN.framework/Versions/A/CoreWLAN
0x00007fff3806c000 	/System/Library/Frameworks/IOBluetooth.framework/Versions/A/IOBluetooth
0x00007fff58b97000 	/System/Library/PrivateFrameworks/ProtocolBuffer.framework/Versions/A/ProtocolBuffer
0x00007fff54dfc000 	/System/Library/PrivateFrameworks/MobileKeyBag.framework/Versions/A/MobileKeyBag
0x00007fff4a049000 	/System/Library/PrivateFrameworks/CorePhoneNumbers.framework/Versions/A/CorePhoneNumbers
0x00007fff46133000 	/System/Library/PrivateFrameworks/AppleIDAuthSupport.framework/Versions/A/AppleIDAuthSupport
0x00007fff53cc9000 	/System/Library/PrivateFrameworks/KeychainCircle.framework/Versions/A/KeychainCircle
0x00007fff58d64000 	/System/Library/PrivateFrameworks/ROCKit.framework/Versions/A/ROCKit
0x00007fff4a9f7000 	/System/Library/PrivateFrameworks/CoreWiFi.framework/Versions/A/CoreWiFi
0x00007fff352ae000 	/System/Library/Frameworks/CoreBluetooth.framework/Versions/A/CoreBluetooth
0x00007fff4ac4b000 	/System/Library/PrivateFrameworks/DebugSymbols.framework/Versions/A/DebugSymbols
0x00007fff4a5d6000 	/System/Library/PrivateFrameworks/CoreSymbolication.framework/Versions/A/CoreSymbolication
0x00007fff5cfeb000 	/System/Library/PrivateFrameworks/Symbolication.framework/Versions/A/Symbolication
0x00007fff5c17d000 	/System/Library/PrivateFrameworks/SpeechRecognitionCore.framework/Versions/A/SpeechRecognitionCore
0x0000000102c00000 	/Library/Java/JavaVirtualMachines/jdk1.8.0_181.jdk/Contents/Home/jre/lib/server/libjvm.dylib
0x00007fff623d5000 	/usr/lib/libstdc++.6.dylib
0x0000000101a94000 	/Library/Java/JavaVirtualMachines/jdk1.8.0_181.jdk/Contents/Home/jre/lib/libverify.dylib
0x0000000101aa2000 	/Library/Java/JavaVirtualMachines/jdk1.8.0_181.jdk/Contents/Home/jre/lib/libjava.dylib
0x0000000101b22000 	/Library/Java/JavaVirtualMachines/jdk1.8.0_181.jdk/Contents/Home/jre/lib/libzip.dylib
0x0000000107b85000 	/Library/Java/JavaVirtualMachines/jdk1.8.0_181.jdk/Contents/Home/jre/lib/libnet.dylib

VM Arguments:
java_command: client/target/client.jar shell
java_class_path (initial): client/target/client.jar
Launcher Type: SUN_STANDARD

Environment Variables:
PATH=/usr/local/bin:/usr/bin:/bin:/usr/sbin:/sbin:/usr/local/share/dotnet:~/.dotnet/tools:/Library/Frameworks/Mono.framework/Versions/Current/Commands:/Applications/Xamarin Workbooks.app/Contents/SharedSupport/path-bin
SHELL=/bin/bash

Signal Handlers:
SIGSEGV: [libjvm.dylib+0x5b6029], sa_mask[0]=11111111011111110111111111111111, sa_flags=SA_ONSTACK|SA_RESTART|SA_SIGINFO
SIGBUS: [libjvm.dylib+0x5b6029], sa_mask[0]=11111111011111110111111111111111, sa_flags=SA_RESTART|SA_SIGINFO
SIGFPE: [libjvm.dylib+0x48b934], sa_mask[0]=11111111011111110111111111111111, sa_flags=SA_RESTART|SA_SIGINFO
SIGPIPE: [libjvm.dylib+0x48b934], sa_mask[0]=11111111011111110111111111111111, sa_flags=SA_RESTART|SA_SIGINFO
SIGXFSZ: [libjvm.dylib+0x48b934], sa_mask[0]=11111111011111110111111111111111, sa_flags=SA_RESTART|SA_SIGINFO
SIGILL: [libjvm.dylib+0x48b934], sa_mask[0]=11111111011111110111111111111111, sa_flags=SA_RESTART|SA_SIGINFO
SIGUSR1: SIG_DFL, sa_mask[0]=11011111011111100000000111000110, sa_flags=none
SIGUSR2: [libjvm.dylib+0x48b452], sa_mask[0]=00000000000000000000000000000000, sa_flags=SA_RESTART|SA_SIGINFO
SIGHUP: [libjvm.dylib+0x489a1d], sa_mask[0]=11111111011111110111111111111111, sa_flags=SA_RESTART|SA_SIGINFO
SIGINT: [libjvm.dylib+0x489a1d], sa_mask[0]=11111111011111110111111111111111, sa_flags=SA_RESTART|SA_SIGINFO
SIGTERM: [libjvm.dylib+0x489a1d], sa_mask[0]=11111111011111110111111111111111, sa_flags=SA_RESTART|SA_SIGINFO
SIGQUIT: [libjvm.dylib+0x489a1d], sa_mask[0]=11111111011111110111111111111111, sa_flags=SA_RESTART|SA_SIGINFO


---------------  S Y S T E M  ---------------

OS:Bsduname:Darwin 18.0.0 Darwin Kernel Version 18.0.0: Wed Aug 22 20:13:40 PDT 2018; root:xnu-4903.201.2~1/RELEASE_X86_64 x86_64
rlimit: STACK 8192k, CORE 0k, NPROC 1418, NOFILE 10240, AS infinity
load average:3.07 3.01 2.93

CPU:total 8 (initial active 8) (4 cores per cpu, 2 threads per core) family 6 model 158 stepping 9, cmov, cx8, fxsr, mmx, sse, sse2, sse3, ssse3, sse4.1, sse4.2, popcnt, avx, avx2, aes, clmul, erms, 3dnowpref, lzcnt, ht, tsc, tscinvbit, bmi1, bmi2, adx

Memory: 4k page, physical 16777216k(672656k free)

/proc/meminfo:


vm_info: Java HotSpot(TM) 64-Bit Server VM (25.181-b13) for bsd-amd64 JRE (1.8.0_181-b13), built on Jul  7 2018 01:02:31 by "java_re" with gcc 4.2.1 (Based on Apple Inc. build 5658) (LLVM build 2336.11.00)

time: Wed Nov  7 12:11:29 2018
elapsed time: 261 seconds (0d 0h 4m 21s)

